time="2021-05-18T06:13:24+04:00" level=error msg="cannot connect db"
time="2021-05-18T06:13:24+04:00" level=fatal msg="cannot init grpc server"
time="2021-05-18T06:14:05+04:00" level=error msg="cannot connect db"
time="2021-05-18T06:14:06+04:00" level=fatal msg="cannot init producer"
time="2021-05-18T06:14:39+04:00" level=error msg="cannot connect db"
time="2021-05-18T06:14:40+04:00" level=fatal msg="cannot init producer"
time="2021-05-18T06:14:55+04:00" level=fatal msg="cannot init producer"
time="2021-05-18T06:20:54+04:00" level=fatal msg="cannot init grpc server"
time="2021-05-18T06:21:46+04:00" level=info msg="bannersRotation is running..."
time="2021-05-18T06:23:33+04:00" level=info msg="server request payload logged as grpc.request.content field" grpc.method=AddBannerToSlot grpc.request.content="banner_id:1  slot_id:1" grpc.service=banners.rotation.BannersRotation grpc.start_time="2021-05-18T06:23:33+04:00" span.kind=server system=grpc
time="2021-05-18T06:23:33+04:00" level=error msg="cannot add banner to slot error"
time="2021-05-18T06:23:33+04:00" level=error msg="finished unary call with code Unknown" error="cannot add banner 1 to slot 1: cannot add banner to slot: cannot insert to table banner_slot for slot 1 and banner 1: ERROR: relation \"banner_slot\" does not exist (SQLSTATE 42P01)" grpc.code=Unknown grpc.method=AddBannerToSlot grpc.service=banners.rotation.BannersRotation grpc.start_time="2021-05-18T06:23:33+04:00" grpc.time_ms=23.393 span.kind=server system=grpc
time="2021-05-18T06:23:33+04:00" level=info msg="server request payload logged as grpc.request.content field" grpc.method=RemoveBannerFromSlot grpc.request.content="banner_id:1  slot_id:1" grpc.service=banners.rotation.BannersRotation grpc.start_time="2021-05-18T06:23:33+04:00" span.kind=server system=grpc
time="2021-05-18T06:23:33+04:00" level=error msg="cannot remove banner from slot error"
time="2021-05-18T06:23:33+04:00" level=error msg="finished unary call with code Unknown" error="cannot remove banner 1 to slot 1: cannot remove banner from slot: cannot remove from table banner_slot for slot 1 and banner 1: ERROR: relation \"banner_slot\" does not exist (SQLSTATE 42P01)" grpc.code=Unknown grpc.method=RemoveBannerFromSlot grpc.service=banners.rotation.BannersRotation grpc.start_time="2021-05-18T06:23:33+04:00" grpc.time_ms=8.242 span.kind=server system=grpc
time="2021-05-18T06:23:33+04:00" level=info msg="server request payload logged as grpc.request.content field" grpc.method=AddClickForBanner grpc.request.content="banner_id:1  slot_id:1  user_group_id:1" grpc.service=banners.rotation.BannersRotation grpc.start_time="2021-05-18T06:23:33+04:00" span.kind=server system=grpc
time="2021-05-18T06:23:33+04:00" level=error msg="cannot click for banner error"
time="2021-05-18T06:23:33+04:00" level=error msg="finished unary call with code Unknown" error="cannot add click for banner 1, slot 1, userGroupID 1: cannot add click for banner: can't add view for banner: ERROR: relation \"banner_click\" does not exist (SQLSTATE 42P01)" grpc.code=Unknown grpc.method=AddClickForBanner grpc.service=banners.rotation.BannersRotation grpc.start_time="2021-05-18T06:23:33+04:00" grpc.time_ms=3.715 span.kind=server system=grpc
time="2021-05-18T06:23:33+04:00" level=info msg="server request payload logged as grpc.request.content field" grpc.method=GetBannerForSlot grpc.request.content="slot_id:1  user_group_id:1" grpc.service=banners.rotation.BannersRotation grpc.start_time="2021-05-18T06:23:33+04:00" span.kind=server system=grpc
time="2021-05-18T06:23:33+04:00" level=error msg="cannot get banner for slot error"
time="2021-05-18T06:23:33+04:00" level=error msg="finished unary call with code Unknown" error="cannot get banner for slot 1, userGroup 1: cannot get banner for slot: cannot get information about slot 1 and userGroup 1:: cannot execute query: ERROR: relation \"banner_showing\" does not exist (SQLSTATE 42P01)" grpc.code=Unknown grpc.method=GetBannerForSlot grpc.service=banners.rotation.BannersRotation grpc.start_time="2021-05-18T06:23:33+04:00" grpc.time_ms=5.84 span.kind=server system=grpc
time="2021-05-18T06:31:03+04:00" level=info msg="statistics is running..."
time="2021-05-18T06:31:13+04:00" level=error msg="cannot get events shows: can't get shows info: ERROR: relation \"banner_showing\" does not exist (SQLSTATE 42P01)"
time="2021-05-18T06:31:37+04:00" level=error msg="cannot connect db"
time="2021-05-18T06:31:37+04:00" level=info msg="bannersRotation is running..."
time="2021-05-18T06:37:50+04:00" level=error msg="cannot connect db"
time="2021-05-18T06:37:50+04:00" level=fatal msg="cannot init grpc server"
time="2021-05-18T06:38:01+04:00" level=error msg="cannot connect db"
time="2021-05-18T06:38:01+04:00" level=fatal msg="cannot init grpc server"
time="2021-05-18T09:29:43+04:00" level=error msg="cannot connect db"
time="2021-05-18T09:29:43+04:00" level=fatal msg="cannot init grpc server"
